This is pdfTeX, Version 3.14159265-2.6-1.40.16 (TeX Live 2015/Debian) (preloaded format=pdflatex 2016.8.30)  8 FEB 2017 13:02
entering extended mode
 restricted \write18 enabled.
 %&-line parsing enabled.
**new_simulation_setup.tex
(./new_simulation_setup.tex
LaTeX2e <2016/02/01>
Babel <3.9q> and hyphenation patterns for 81 language(s) loaded.
(/usr/share/texlive/texmf-dist/tex/latex/base/article.cls
Document Class: article 2014/09/29 v1.4h Standard LaTeX document class
(/usr/share/texlive/texmf-dist/tex/latex/base/size10.clo
File: size10.clo 2014/09/29 v1.4h Standard LaTeX file (size option)
)
\c@part=\count79
\c@section=\count80
\c@subsection=\count81
\c@subsubsection=\count82
\c@paragraph=\count83
\c@subparagraph=\count84
\c@figure=\count85
\c@table=\count86
\abovecaptionskip=\skip41
\belowcaptionskip=\skip42
\bibindent=\dimen102
)
(/usr/share/texlive/texmf-dist/tex/latex/geometry/geometry.sty
Package: geometry 2010/09/12 v5.6 Page Geometry

(/usr/share/texlive/texmf-dist/tex/latex/graphics/keyval.sty
Package: keyval 2014/10/28 v1.15 key=value parser (DPC)
\KV@toks@=\toks14
)
(/usr/share/texlive/texmf-dist/tex/generic/oberdiek/ifpdf.sty
Package: ifpdf 2011/01/30 v2.3 Provides the ifpdf switch (HO)
Package ifpdf Info: pdfTeX in PDF mode is detected.
)
(/usr/share/texlive/texmf-dist/tex/generic/oberdiek/ifvtex.sty
Package: ifvtex 2010/03/01 v1.5 Detect VTeX and its facilities (HO)
Package ifvtex Info: VTeX not detected.
)
(/usr/share/texlive/texmf-dist/tex/generic/ifxetex/ifxetex.sty
Package: ifxetex 2010/09/12 v0.6 Provides ifxetex conditional
)
\Gm@cnth=\count87
\Gm@cntv=\count88
\c@Gm@tempcnt=\count89
\Gm@bindingoffset=\dimen103
\Gm@wd@mp=\dimen104
\Gm@odd@mp=\dimen105
\Gm@even@mp=\dimen106
\Gm@layoutwidth=\dimen107
\Gm@layoutheight=\dimen108
\Gm@layouthoffset=\dimen109
\Gm@layoutvoffset=\dimen110
\Gm@dimlist=\toks15
)
(/usr/share/texlive/texmf-dist/tex/latex/natbib/natbib.sty
Package: natbib 2010/09/13 8.31b (PWD, AO)
\bibhang=\skip43
\bibsep=\skip44
LaTeX Info: Redefining \cite on input line 694.
\c@NAT@ctr=\count90
)
(/usr/share/texlive/texmf-dist/tex/latex/amsmath/amsmath.sty
Package: amsmath 2016/03/03 v2.15a AMS math features
\@mathmargin=\skip45

For additional information on amsmath, use the `?' option.
(/usr/share/texlive/texmf-dist/tex/latex/amsmath/amstext.sty
Package: amstext 2000/06/29 v2.01 AMS text

(/usr/share/texlive/texmf-dist/tex/latex/amsmath/amsgen.sty
File: amsgen.sty 1999/11/30 v2.0 generic functions
\@emptytoks=\toks16
\ex@=\dimen111
))
(/usr/share/texlive/texmf-dist/tex/latex/amsmath/amsbsy.sty
Package: amsbsy 1999/11/29 v1.2d Bold Symbols
\pmbraise@=\dimen112
)
(/usr/share/texlive/texmf-dist/tex/latex/amsmath/amsopn.sty
Package: amsopn 1999/12/14 v2.01 operator names
)
\inf@bad=\count91
LaTeX Info: Redefining \frac on input line 199.
\uproot@=\count92
\leftroot@=\count93
LaTeX Info: Redefining \overline on input line 297.
\classnum@=\count94
\DOTSCASE@=\count95
LaTeX Info: Redefining \ldots on input line 394.
LaTeX Info: Redefining \dots on input line 397.
LaTeX Info: Redefining \cdots on input line 518.
\Mathstrutbox@=\box26
\strutbox@=\box27
\big@size=\dimen113
LaTeX Font Info:    Redeclaring font encoding OML on input line 630.
LaTeX Font Info:    Redeclaring font encoding OMS on input line 631.
\macc@depth=\count96
\c@MaxMatrixCols=\count97
\dotsspace@=\muskip10
\c@parentequation=\count98
\dspbrk@lvl=\count99
\tag@help=\toks17
\row@=\count100
\column@=\count101
\maxfields@=\count102
\andhelp@=\toks18
\eqnshift@=\dimen114
\alignsep@=\dimen115
\tagshift@=\dimen116
\tagwidth@=\dimen117
\totwidth@=\dimen118
\lineht@=\dimen119
\@envbody=\toks19
\multlinegap=\skip46
\multlinetaggap=\skip47
\mathdisplay@stack=\toks20
LaTeX Info: Redefining \[ on input line 2735.
LaTeX Info: Redefining \] on input line 2736.
)
(/usr/share/texlive/texmf-dist/tex/latex/amsfonts/amsfonts.sty
Package: amsfonts 2013/01/14 v3.01 Basic AMSFonts support
\symAMSa=\mathgroup4
\symAMSb=\mathgroup5
LaTeX Font Info:    Overwriting math alphabet `\mathfrak' in version `bold'
(Font)                  U/euf/m/n --> U/euf/b/n on input line 106.
)
(/usr/share/texlive/texmf-dist/tex/latex/amscls/amsthm.sty
Package: amsthm 2015/03/04 v2.20.2
\thm@style=\toks21
\thm@bodyfont=\toks22
\thm@headfont=\toks23
\thm@notefont=\toks24
\thm@headpunct=\toks25
\thm@preskip=\skip48
\thm@postskip=\skip49
\thm@headsep=\skip50
\dth@everypar=\toks26
)
(/usr/share/texlive/texmf-dist/tex/latex/amsfonts/amssymb.sty
Package: amssymb 2013/01/14 v3.01 AMS font symbols
)
(/usr/share/texlive/texmf-dist/tex/latex/jknapltx/mathrsfs.sty
Package: mathrsfs 1996/01/01 Math RSFS package v1.0 (jk)
\symrsfs=\mathgroup6
)
(/usr/share/texlive/texmf-dist/tex/latex/units/nicefrac.sty
Package: nicefrac 1998/08/04 v0.9b Nice fractions
\L@UnitsRaiseDisplaystyle=\skip51
\L@UnitsRaiseTextstyle=\skip52
\L@UnitsRaiseScriptstyle=\skip53

(/usr/share/texlive/texmf-dist/tex/latex/base/ifthen.sty
Package: ifthen 2014/09/29 v1.1c Standard LaTeX ifthen package (DPC)
))
(/usr/share/texlive/texmf-dist/tex/latex/graphics/graphicx.sty
Package: graphicx 2014/10/28 v1.0g Enhanced LaTeX Graphics (DPC,SPQR)

(/usr/share/texlive/texmf-dist/tex/latex/graphics/graphics.sty
Package: graphics 2016/01/03 v1.0q Standard LaTeX Graphics (DPC,SPQR)

(/usr/share/texlive/texmf-dist/tex/latex/graphics/trig.sty
Package: trig 2016/01/03 v1.10 sin cos tan (DPC)
)
(/usr/share/texlive/texmf-dist/tex/latex/latexconfig/graphics.cfg
File: graphics.cfg 2010/04/23 v1.9 graphics configuration of TeX Live
)
Package graphics Info: Driver file: pdftex.def on input line 95.

(/usr/share/texlive/texmf-dist/tex/latex/pdftex-def/pdftex.def
File: pdftex.def 2011/05/27 v0.06d Graphics/color for pdfTeX

(/usr/share/texlive/texmf-dist/tex/generic/oberdiek/infwarerr.sty
Package: infwarerr 2010/04/08 v1.3 Providing info/warning/error messages (HO)
)
(/usr/share/texlive/texmf-dist/tex/generic/oberdiek/ltxcmds.sty
Package: ltxcmds 2011/11/09 v1.22 LaTeX kernel commands for general use (HO)
)
\Gread@gobject=\count103
))
\Gin@req@height=\dimen120
\Gin@req@width=\dimen121
)
(/usr/share/texlive/texmf-dist/tex/latex/graphics/color.sty
Package: color 2016/01/03 v1.1b Standard LaTeX Color (DPC)

(/usr/share/texlive/texmf-dist/tex/latex/latexconfig/color.cfg
File: color.cfg 2007/01/18 v1.5 color configuration of teTeX/TeXLive
)
Package color Info: Driver file: pdftex.def on input line 143.
)
(/usr/share/texlive/texmf-dist/tex/latex/booktabs/booktabs.sty
Package: booktabs 2005/04/14 v1.61803 publication quality tables
\heavyrulewidth=\dimen122
\lightrulewidth=\dimen123
\cmidrulewidth=\dimen124
\belowrulesep=\dimen125
\belowbottomsep=\dimen126
\aboverulesep=\dimen127
\abovetopsep=\dimen128
\cmidrulesep=\dimen129
\cmidrulekern=\dimen130
\defaultaddspace=\dimen131
\@cmidla=\count104
\@cmidlb=\count105
\@aboverulesep=\dimen132
\@belowrulesep=\dimen133
\@thisruleclass=\count106
\@lastruleclass=\count107
\@thisrulewidth=\dimen134
)
(/usr/share/texlive/texmf-dist/tex/latex/caption/caption.sty
Package: caption 2016/02/21 v3.3-144 Customizing captions (AR)

(/usr/share/texlive/texmf-dist/tex/latex/caption/caption3.sty
Package: caption3 2016/02/04 v1.7-139 caption3 kernel (AR)
Package caption3 Info: TeX engine: e-TeX on input line 67.
\captionmargin=\dimen135
\captionmargin@=\dimen136
\captionwidth=\dimen137
\caption@tempdima=\dimen138
\caption@indent=\dimen139
\caption@parindent=\dimen140
\caption@hangindent=\dimen141
)
\c@ContinuedFloat=\count108
)
(/usr/share/texlive/texmf-dist/tex/latex/caption/subcaption.sty
Package: subcaption 2016/02/20 v1.1-142 Sub-captions (AR)
\c@subfigure=\count109
\c@subtable=\count110
)
(/usr/share/texlive/texmf-dist/tex/latex/blkarray/blkarray.sty
Package: blkarray 2015/02/27 v0.07 Block array (dpc)
\c@BAenumi=\count111
\BA@col=\count112
\BA@block@cnt=\count113
\BA@final@box=\box28
\BA@first@box=\box29
\BA@colsep=\dimen142
\BA@ftn=\toks27
\BAextrarowheight=\dimen143
\BAextraheightafterhline=\dimen144
\BAarrayrulewidth=\dimen145
\BAdoublerulesep=\dimen146
\BAfootskip=\dimen147
\BA@dashbox=\box30
\BA@ddashbox=\box31
)
(/usr/share/texlive/texmf-dist/tex/latex/tools/xspace.sty
Package: xspace 2014/10/28 v1.13 Space after command names (DPC,MH)
)
(./new_simulation_setup.aux

LaTeX Warning: Label `fig:priors' multiply defined.


LaTeX Warning: Label `fig:u-matrix' multiply defined.


LaTeX Warning: Label `fig:q-matrices' multiply defined.


LaTeX Warning: Label `fig:outcomes' multiply defined.

)
\openout1 = `new_simulation_setup.aux'.

LaTeX Font Info:    Checking defaults for OML/cmm/m/it on input line 82.
LaTeX Font Info:    ... okay on input line 82.
LaTeX Font Info:    Checking defaults for T1/cmr/m/n on input line 82.
LaTeX Font Info:    ... okay on input line 82.
LaTeX Font Info:    Checking defaults for OT1/cmr/m/n on input line 82.
LaTeX Font Info:    ... okay on input line 82.
LaTeX Font Info:    Checking defaults for OMS/cmsy/m/n on input line 82.
LaTeX Font Info:    ... okay on input line 82.
LaTeX Font Info:    Checking defaults for OMX/cmex/m/n on input line 82.
LaTeX Font Info:    ... okay on input line 82.
LaTeX Font Info:    Checking defaults for U/cmr/m/n on input line 82.
LaTeX Font Info:    ... okay on input line 82.

*geometry* driver: auto-detecting
*geometry* detected driver: pdftex
*geometry* verbose mode - [ preamble ] result:
* driver: pdftex
* paper: a4paper
* layout: <same size as paper>
* layoutoffset:(h,v)=(0.0pt,0.0pt)
* modes: 
* h-part:(L,W,R)=(89.62709pt, 418.25368pt, 89.6271pt)
* v-part:(T,H,B)=(101.40665pt, 591.5302pt, 152.11pt)
* \paperwidth=597.50787pt
* \paperheight=845.04684pt
* \textwidth=418.25368pt
* \textheight=591.5302pt
* \oddsidemargin=17.3571pt
* \evensidemargin=17.3571pt
* \topmargin=-7.86334pt
* \headheight=12.0pt
* \headsep=25.0pt
* \topskip=10.0pt
* \footskip=30.0pt
* \marginparwidth=57.0pt
* \marginparsep=11.0pt
* \columnsep=10.0pt
* \skip\footins=9.0pt plus 4.0pt minus 2.0pt
* \hoffset=0.0pt
* \voffset=0.0pt
* \mag=1000
* \@twocolumnfalse
* \@twosidefalse
* \@mparswitchfalse
* \@reversemarginfalse
* (1in=72.27pt=25.4mm, 1cm=28.453pt)

(/usr/share/texlive/texmf-dist/tex/context/base/supp-pdf.mkii
[Loading MPS to PDF converter (version 2006.09.02).]
\scratchcounter=\count114
\scratchdimen=\dimen148
\scratchbox=\box32
\nofMPsegments=\count115
\nofMParguments=\count116
\everyMPshowfont=\toks28
\MPscratchCnt=\count117
\MPscratchDim=\dimen149
\MPnumerator=\count118
\makeMPintoPDFobject=\count119
\everyMPtoPDFconversion=\toks29
) (/usr/share/texlive/texmf-dist/tex/generic/oberdiek/pdftexcmds.sty
Package: pdftexcmds 2011/11/29 v0.20 Utility functions of pdfTeX for LuaTeX (HO
)

(/usr/share/texlive/texmf-dist/tex/generic/oberdiek/ifluatex.sty
Package: ifluatex 2010/03/01 v1.3 Provides the ifluatex switch (HO)
Package ifluatex Info: LuaTeX not detected.
)
Package pdftexcmds Info: LuaTeX not detected.
Package pdftexcmds Info: \pdf@primitive is available.
Package pdftexcmds Info: \pdf@ifprimitive is available.
Package pdftexcmds Info: \pdfdraftmode found.
)
(/usr/share/texlive/texmf-dist/tex/latex/oberdiek/epstopdf-base.sty
Package: epstopdf-base 2010/02/09 v2.5 Base part for package epstopdf

(/usr/share/texlive/texmf-dist/tex/latex/oberdiek/grfext.sty
Package: grfext 2010/08/19 v1.1 Manage graphics extensions (HO)

(/usr/share/texlive/texmf-dist/tex/generic/oberdiek/kvdefinekeys.sty
Package: kvdefinekeys 2011/04/07 v1.3 Define keys (HO)
))
(/usr/share/texlive/texmf-dist/tex/latex/oberdiek/kvoptions.sty
Package: kvoptions 2011/06/30 v3.11 Key value format for package options (HO)

(/usr/share/texlive/texmf-dist/tex/generic/oberdiek/kvsetkeys.sty
Package: kvsetkeys 2012/04/25 v1.16 Key value parser (HO)

(/usr/share/texlive/texmf-dist/tex/generic/oberdiek/etexcmds.sty
Package: etexcmds 2011/02/16 v1.5 Avoid name clashes with e-TeX commands (HO)
Package etexcmds Info: Could not find \expanded.
(etexcmds)             That can mean that you are not using pdfTeX 1.50 or
(etexcmds)             that some package has redefined \expanded.
(etexcmds)             In the latter case, load this package earlier.
)))
Package grfext Info: Graphics extension search list:
(grfext)             [.png,.pdf,.jpg,.mps,.jpeg,.jbig2,.jb2,.PNG,.PDF,.JPG,.JPE
G,.JBIG2,.JB2,.eps]
(grfext)             \AppendGraphicsExtensions on input line 452.

(/usr/share/texlive/texmf-dist/tex/latex/latexconfig/epstopdf-sys.cfg
File: epstopdf-sys.cfg 2010/07/13 v1.3 Configuration of (r)epstopdf for TeX Liv
e
))
Package caption Info: Begin \AtBeginDocument code.
Package caption Info: End \AtBeginDocument code.
LaTeX Font Info:    Try loading font information for U+msa on input line 84.

(/usr/share/texlive/texmf-dist/tex/latex/amsfonts/umsa.fd
File: umsa.fd 2013/01/14 v3.01 AMS symbols A
)
LaTeX Font Info:    Try loading font information for U+msb on input line 84.

(/usr/share/texlive/texmf-dist/tex/latex/amsfonts/umsb.fd
File: umsb.fd 2013/01/14 v3.01 AMS symbols B
)
LaTeX Font Info:    Try loading font information for U+rsfs on input line 84.

(/usr/share/texlive/texmf-dist/tex/latex/jknapltx/ursfs.fd
File: ursfs.fd 1998/03/24 rsfs font definition file (jk)
) [1{/var/lib/texmf/fonts/map/pdftex/updmap/pdftex.map}

]
LaTeX Font Info:    Try loading font information for OMS+cmr on input line 218.


(/usr/share/texlive/texmf-dist/tex/latex/base/omscmr.fd
File: omscmr.fd 2014/09/29 v2.5h Standard LaTeX font definitions
)
LaTeX Font Info:    Font shape `OMS/cmr/m/n' in size <10> not available
(Font)              Font shape `OMS/cmsy/m/n' tried instead on input line 218.

<../code-LOT-extension/plots/priors-meTrue.png, id=12, 578.16pt x 397.485pt>
File: ../code-LOT-extension/plots/priors-meTrue.png Graphic file (type png)

<use ../code-LOT-extension/plots/priors-meTrue.png>
Package pdftex.def Info: ../code-LOT-extension/plots/priors-meTrue.png used on 
input line 231.
(pdftex.def)             Requested size: 202.35902pt x 139.12183pt.
 [2]
<../code-LOT-extension/plots/u-l30-a1-meTrue.png, id=21, 1156.32pt x 872.2989pt
>
File: ../code-LOT-extension/plots/u-l30-a1-meTrue.png Graphic file (type png)
 <use ../code-LOT-extension/plots/u-l30-a1-meTrue.png>
Package pdftex.def Info: ../code-LOT-extension/plots/u-l30-a1-meTrue.png used o
n input line 240.
(pdftex.def)             Requested size: 289.07928pt x 218.07419pt.

<../code-LOT-extension/plots/q-l30-a1-k5-l1-meTrue.png, id=22, 578.16pt x 397.4
85pt>
File: ../code-LOT-extension/plots/q-l30-a1-k5-l1-meTrue.png Graphic file (type 
png)
 <use ../code-LOT-extension/plots/q-l30-a1-k5-l1-meTrue.png>
Package pdftex.def Info: ../code-LOT-extension/plots/q-l30-a1-k5-l1-meTrue.png 
used on input line 249.
(pdftex.def)             Requested size: 231.2599pt x 158.99118pt.

Overfull \hbox (43.04703pt too wide) in paragraph at lines 249--250
[][] 
 []


<../code-LOT-extension/plots/q-l30-a1-k5-l10-meTrue.png, id=23, 578.16pt x 397.
485pt>
File: ../code-LOT-extension/plots/q-l30-a1-k5-l10-meTrue.png Graphic file (type
 png)
 <use ../code-LOT-extension/plots/q-l30-a1-k5-l10-meTrue.png>
Package pdftex.def Info: ../code-LOT-extension/plots/q-l30-a1-k5-l10-meTrue.png
 used on input line 253.
(pdftex.def)             Requested size: 231.2599pt x 158.99118pt.

Overfull \hbox (43.04703pt too wide) in paragraph at lines 253--254
[][] 
 []


LaTeX Warning: `!h' float specifier changed to `!ht'.

[3 <../code-LOT-extension/plots/priors-meTrue.png> <../code-LOT-extension/plots
/u-l30-a1-meTrue.png>]
<../code-LOT-extension/plots/rmd-lam30-a1-k5-s200-l1-meTrue.png, id=29, 578.16p
t x 397.485pt>
File: ../code-LOT-extension/plots/rmd-lam30-a1-k5-s200-l1-meTrue.png Graphic fi
le (type png)

<use ../code-LOT-extension/plots/rmd-lam30-a1-k5-s200-l1-meTrue.png>
Package pdftex.def Info: ../code-LOT-extension/plots/rmd-lam30-a1-k5-s200-l1-me
True.png used on input line 266.
(pdftex.def)             Requested size: 231.2599pt x 158.99118pt.

Overfull \hbox (43.04703pt too wide) in paragraph at lines 266--267
[][] 
 []


<../code-LOT-extension/plots/rmd-lam30-a1-k5-s200-l10-meTrue.png, id=30, 578.16
pt x 397.485pt>
File: ../code-LOT-extension/plots/rmd-lam30-a1-k5-s200-l10-meTrue.png Graphic f
ile (type png)

<use ../code-LOT-extension/plots/rmd-lam30-a1-k5-s200-l10-meTrue.png>
Package pdftex.def Info: ../code-LOT-extension/plots/rmd-lam30-a1-k5-s200-l10-m
eTrue.png used on input line 270.
(pdftex.def)             Requested size: 231.2599pt x 158.99118pt.

Overfull \hbox (43.04703pt too wide) in paragraph at lines 270--271
[][] 
 []

[4 <../code-LOT-extension/plots/q-l30-a1-k5-l1-meTrue.png> <../code-LOT-extensi
on/plots/q-l30-a1-k5-l10-meTrue.png> <../code-LOT-extension/plots/rmd-lam30-a1-
k5-s200-l1-meTrue.png> <../code-LOT-extension/plots/rmd-lam30-a1-k5-s200-l10-me
True.png>]
<../code-LOT-extension/plots/priors-meFalse.png, id=38, 578.16pt x 397.485pt>
File: ../code-LOT-extension/plots/priors-meFalse.png Graphic file (type png)

<use ../code-LOT-extension/plots/priors-meFalse.png>
Package pdftex.def Info: ../code-LOT-extension/plots/priors-meFalse.png used on
 input line 284.
(pdftex.def)             Requested size: 202.35902pt x 139.12183pt.

<../code-LOT-extension/plots/u-l30-a1-meFalse.png, id=39, 1156.32pt x 872.2989p
t>
File: ../code-LOT-extension/plots/u-l30-a1-meFalse.png Graphic file (type png)
 <use ../code-LOT-extension/plots/u-l30-a1-meFalse.png>
Package pdftex.def Info: ../code-LOT-extension/plots/u-l30-a1-meFalse.png used 
on input line 293.
(pdftex.def)             Requested size: 289.07928pt x 218.07419pt.

<../code-LOT-extension/plots/q-l30-a1-k5-l1-meFalse.png, id=40, 578.16pt x 397.
485pt>
File: ../code-LOT-extension/plots/q-l30-a1-k5-l1-meFalse.png Graphic file (type
 png)
 <use ../code-LOT-extension/plots/q-l30-a1-k5-l1-meFalse.png>
Package pdftex.def Info: ../code-LOT-extension/plots/q-l30-a1-k5-l1-meFalse.png
 used on input line 303.
(pdftex.def)             Requested size: 231.2599pt x 158.99118pt.

Overfull \hbox (43.04703pt too wide) in paragraph at lines 303--304
[][] 
 []


<../code-LOT-extension/plots/q-l30-a1-k5-l10-meFalse.png, id=41, 578.16pt x 397
.485pt>
File: ../code-LOT-extension/plots/q-l30-a1-k5-l10-meFalse.png Graphic file (typ
e png)
 <use ../code-LOT-extension/plots/q-l30-a1-k5-l10-meFalse.png>
Package pdftex.def Info: ../code-LOT-extension/plots/q-l30-a1-k5-l10-meFalse.pn
g used on input line 307.
(pdftex.def)             Requested size: 231.2599pt x 158.99118pt.

Overfull \hbox (43.04703pt too wide) in paragraph at lines 307--308
[][] 
 []


LaTeX Warning: `!h' float specifier changed to `!ht'.

[5 <../code-LOT-extension/plots/priors-meFalse.png> <../code-LOT-extension/plot
s/u-l30-a1-meFalse.png>]
<../code-LOT-extension/plots/rmd-lam30-a1-k5-s200-l1-meFalse.png, id=47, 578.16
pt x 397.485pt>
File: ../code-LOT-extension/plots/rmd-lam30-a1-k5-s200-l1-meFalse.png Graphic f
ile (type png)

<use ../code-LOT-extension/plots/rmd-lam30-a1-k5-s200-l1-meFalse.png>
Package pdftex.def Info: ../code-LOT-extension/plots/rmd-lam30-a1-k5-s200-l1-me
False.png used on input line 320.
(pdftex.def)             Requested size: 231.2599pt x 158.99118pt.

Overfull \hbox (43.04703pt too wide) in paragraph at lines 320--321
[][] 
 []


<../code-LOT-extension/plots/rmd-lam30-a1-k5-s200-l10-meFalse.png, id=48, 578.1
6pt x 397.485pt>
File: ../code-LOT-extension/plots/rmd-lam30-a1-k5-s200-l10-meFalse.png Graphic 
file (type png)

<use ../code-LOT-extension/plots/rmd-lam30-a1-k5-s200-l10-meFalse.png>
Package pdftex.def Info: ../code-LOT-extension/plots/rmd-lam30-a1-k5-s200-l10-m
eFalse.png used on input line 324.
(pdftex.def)             Requested size: 231.2599pt x 158.99118pt.

Overfull \hbox (43.04703pt too wide) in paragraph at lines 324--325
[][] 
 []

(./new_simulation_setup.bbl [6 <../code-LOT-extension/plots/q-l30-a1-k5-l1-meFa
lse.png> <../code-LOT-extension/plots/q-l30-a1-k5-l10-meFalse.png> <../code-LOT
-extension/plots/rmd-lam30-a1-k5-s200-l1-meFalse.png> <../code-LOT-extension/pl
ots/rmd-lam30-a1-k5-s200-l10-meFalse.png>]) [7] (./new_simulation_setup.aux)

LaTeX Warning: There were multiply-defined labels.

 ) 
Here is how much of TeX's memory you used:
 4898 strings out of 493029
 72670 string characters out of 6136234
 147231 words of memory out of 5000000
 8337 multiletter control sequences out of 15000+600000
 6785 words of font info for 28 fonts, out of 8000000 for 9000
 1141 hyphenation exceptions out of 8191
 38i,16n,39p,679b,386s stack positions out of 5000i,500n,10000p,200000b,80000s
</usr/share/texlive/texmf-dist/fonts/type1/public/amsfonts/cm/cmbx12.pfb></us
r/share/texlive/texmf-dist/fonts/type1/public/amsfonts/cm/cmex10.pfb></usr/shar
e/texlive/texmf-dist/fonts/type1/public/amsfonts/cm/cmmi10.pfb></usr/share/texl
ive/texmf-dist/fonts/type1/public/amsfonts/cm/cmmi7.pfb></usr/share/texlive/tex
mf-dist/fonts/type1/public/amsfonts/cm/cmr10.pfb></usr/share/texlive/texmf-dist
/fonts/type1/public/amsfonts/cm/cmr7.pfb></usr/share/texlive/texmf-dist/fonts/t
ype1/public/amsfonts/cm/cmsy10.pfb></usr/share/texlive/texmf-dist/fonts/type1/p
ublic/amsfonts/cm/cmsy5.pfb></usr/share/texlive/texmf-dist/fonts/type1/public/a
msfonts/cm/cmsy7.pfb></usr/share/texlive/texmf-dist/fonts/type1/public/amsfonts
/cm/cmti10.pfb>
Output written on new_simulation_setup.pdf (7 pages, 405394 bytes).
PDF statistics:
 93 PDF objects out of 1000 (max. 8388607)
 49 compressed objects within 1 object stream
 0 named destinations out of 1000 (max. 500000)
 61 words of extra memory for PDF output out of 10000 (max. 10000000)

